Using pre-set license
Built from '2020.2/staging' branch; Version is '2020.2.6f1 (8a2143876886) revision 9052483'; Using compiler version '192528614'; Build Type 'Release'
OS: 'Windows 10 Pro; OS build 19041.985; Version 2004; 64bit' Language: 'en' Physical Memory: 16193 MB
BatchMode: 1, IsHumanControllingUs: 0, StartBugReporterOnCrash: 0, Is64bit: 1, IsPro: 0

 COMMAND LINE ARGUMENTS:
C:\Users\Travis Keeley\Desktop\Unity Creations\2020.2.6f1\Editor\Unity.exe
-adb2
-batchMode
-noUpm
-name
AssetImportWorker0
-projectPath
C:/Users/Travis Keeley/Desktop/Unity Creations/Projects/Top Down Shooter
-logFile
Logs/AssetImportWorker0.log
-srvPort
52303
Successfully changed project path to: C:/Users/Travis Keeley/Desktop/Unity Creations/Projects/Top Down Shooter
C:/Users/Travis Keeley/Desktop/Unity Creations/Projects/Top Down Shooter
Using Asset Import Pipeline V2.
Refreshing native plugins compatible for Editor in 61.52 ms, found 0 plugins.
Preloading 0 native plugins for Editor in 0.00 ms.
Initialize engine version: 2020.2.6f1 (8a2143876886)
[Subsystems] Discovering subsystems at path C:/Users/Travis Keeley/Desktop/Unity Creations/2020.2.6f1/Editor/Data/Resources/UnitySubsystems
[Subsystems] Discovering subsystems at path C:/Users/Travis Keeley/Desktop/Unity Creations/Projects/Top Down Shooter/Assets
GfxDevice: creating device client; threaded=0
Direct3D:
    Version:  Direct3D 11.0 [level 11.1]
    Renderer: NVIDIA GeForce GTX 1050 (ID=0x1c91)
    Vendor:   
    VRAM:     2996 MB
    Driver:   27.21.14.6192
Initialize mono
Mono path[0] = 'C:/Users/Travis Keeley/Desktop/Unity Creations/2020.2.6f1/Editor/Data/Managed'
Mono path[1] = 'C:/Users/Travis Keeley/Desktop/Unity Creations/2020.2.6f1/Editor/Data/MonoBleedingEdge/lib/mono/unityjit'
Mono config path = 'C:/Users/Travis Keeley/Desktop/Unity Creations/2020.2.6f1/Editor/Data/MonoBleedingEdge/etc'
Using monoOptions --debugger-agent=transport=dt_socket,embedding=1,server=y,suspend=n,address=127.0.0.1:56476
Begin MonoManager ReloadAssembly
Registering precompiled unity dll's ...
Register platform support module: C:/Users/Travis Keeley/Desktop/Unity Creations/2020.2.6f1/Editor/Data/PlaybackEngines/WebGLSupport/UnityEditor.WebGL.Extensions.dll
Register platform support module: C:/Users/Travis Keeley/Desktop/Unity Creations/2020.2.6f1/Editor/Data/PlaybackEngines/WindowsStandaloneSupport/UnityEditor.WindowsStandalone.Extensions.dll
Registered in 0.013951 seconds.
Native extension for WindowsStandalone target not found
Native extension for WebGL target not found
Refreshing native plugins compatible for Editor in 72.43 ms, found 0 plugins.
Preloading 0 native plugins for Editor in 0.00 ms.
Invoked RoslynAnalysisRunner static constructor.
RoslynAnalysisRunner will not be running.
RoslynAnalysisRunner has terminated.
Mono: successfully reloaded assembly
- Completed reload, in  4.703 seconds
Platform modules already initialized, skipping
Registering precompiled user dll's ...
Registered in 0.016016 seconds.
Begin MonoManager ReloadAssembly
Native extension for WindowsStandalone target not found
Native extension for WebGL target not found
Refreshing native plugins compatible for Editor in 0.49 ms, found 0 plugins.
Preloading 0 native plugins for Editor in 0.00 ms.
Invoked RoslynAnalysisRunner static constructor.
RoslynAnalysisRunner will not be running.
RoslynAnalysisRunner has terminated.
Mono: successfully reloaded assembly
- Completed reload, in  2.906 seconds
Platform modules already initialized, skipping
========================================================================
Worker process is ready to serve import requests
Launched and connected shader compiler UnityShaderCompiler.exe after 0.17 seconds
Refreshing native plugins compatible for Editor in 0.74 ms, found 0 plugins.
Preloading 0 native plugins for Editor in 0.00 ms.
Unloading 1103 Unused Serialized files (Serialized files now loaded: 0)
System memory in use before: 56.7 MB.
System memory in use after: 56.7 MB.

Unloading 10 unused Assets to reduce memory usage. Loaded Objects now: 1544.
Total: 4.467200 ms (FindLiveObjects: 0.315300 ms CreateObjectMapping: 0.127400 ms MarkObjects: 3.805200 ms  DeleteObjects: 0.214200 ms)

========================================================================
Received Import Request.
  path: Assets/Materials/sp_1_diff.mat
  artifactKey: Guid(83babffff3b6b6c46a7f0df73f2d8717) Importer(815301076,1909f56bfc062723c751e8b465ee728b)
Start importing Assets/Materials/sp_1_diff.mat using Guid(83babffff3b6b6c46a7f0df73f2d8717) Importer(815301076,1909f56bfc062723c751e8b465ee728b)  -> (artifact id: '583eecd1b0b26bf740616043f3a02eb7') in 0.422454 seconds
  Import took 0.431373 seconds .

========================================================================
Received Import Request.
  Time since last request: 0.000454 seconds.
  path: Assets/Materials/sp_1_spec.mat
  artifactKey: Guid(41a50c9d1cce4eb4ebd8429320ff7e12) Importer(815301076,1909f56bfc062723c751e8b465ee728b)
Start importing Assets/Materials/sp_1_spec.mat using Guid(41a50c9d1cce4eb4ebd8429320ff7e12) Importer(815301076,1909f56bfc062723c751e8b465ee728b)  -> (artifact id: '89b40ce8aa05836f0b08d9bd6fcb3126') in 0.039897 seconds
  Import took 0.048577 seconds .

========================================================================
Received Import Request.
  Time since last request: 0.000314 seconds.
  path: Assets/Materials/sp_1_emit.mat
  artifactKey: Guid(c7902b68ec08a6b46ae3335bab1a8463) Importer(815301076,1909f56bfc062723c751e8b465ee728b)
Start importing Assets/Materials/sp_1_emit.mat using Guid(c7902b68ec08a6b46ae3335bab1a8463) Importer(815301076,1909f56bfc062723c751e8b465ee728b)  -> (artifact id: 'ac67585967788bfb5acd4d516f24cf32') in 0.034690 seconds
  Import took 0.040709 seconds .

========================================================================
Received Prepare
Registering precompiled user dll's ...
Registered in 0.001658 seconds.
Begin MonoManager ReloadAssembly
Native extension for WindowsStandalone target not found
Native extension for WebGL target not found
Refreshing native plugins compatible for Editor in 0.41 ms, found 0 plugins.
Preloading 0 native plugins for Editor in 0.00 ms.
Invoked RoslynAnalysisRunner static constructor.
RoslynAnalysisRunner will not be running.
RoslynAnalysisRunner has terminated.
Mono: successfully reloaded assembly
- Completed reload, in  1.710 seconds
Platform modules already initialized, skipping
Refreshing native plugins compatible for Editor in 0.57 ms, found 0 plugins.
Preloading 0 native plugins for Editor in 0.00 ms.
Unloading 1098 Unused Serialized files (Serialized files now loaded: 0)
System memory in use before: 59.9 MB.
System memory in use after: 60.0 MB.

Unloading 5 unused Assets to reduce memory usage. Loaded Objects now: 1586.
Total: 2.399500 ms (FindLiveObjects: 0.252200 ms CreateObjectMapping: 0.135100 ms MarkObjects: 1.934000 ms  DeleteObjects: 0.076100 ms)

========================================================================
Received Import Request.
  Time since last request: 2153.413968 seconds.
  path: Assets
  artifactKey: Guid(00000000000000001000000000000000) Importer(815301076,1909f56bfc062723c751e8b465ee728b)
Start importing Assets using Guid(00000000000000001000000000000000) Importer(815301076,1909f56bfc062723c751e8b465ee728b)  -> (artifact id: 'f47cf443bddc682ac2de11ea429897ce') in 0.008087 seconds
  Import took 0.012508 seconds .

========================================================================
Received Import Request.
  Time since last request: 0.000913 seconds.
  path: Assets
  artifactKey: Guid(00000000000000001000000000000000) Importer(815301076,1909f56bfc062723c751e8b465ee728b)
Start importing Assets using Guid(00000000000000001000000000000000) Importer(815301076,1909f56bfc062723c751e8b465ee728b)  -> (artifact id: 'f47cf443bddc682ac2de11ea429897ce') in 0.004100 seconds
  Import took 0.008465 seconds .

========================================================================
Received Import Request.
  Time since last request: 6.287973 seconds.
  path: Assets/_Scenes
  artifactKey: Guid(29e4294e6aeecbf41a31db11fb07b043) Importer(815301076,1909f56bfc062723c751e8b465ee728b)
Start importing Assets/_Scenes using Guid(29e4294e6aeecbf41a31db11fb07b043) Importer(815301076,1909f56bfc062723c751e8b465ee728b)  -> (artifact id: 'adcf2e725dc32929c19222c1515d7523') in 0.006232 seconds
  Import took 0.012404 seconds .

========================================================================
Received Import Request.
  Time since last request: 6.788371 seconds.
  path: Assets/_Scenes/Games.unity
  artifactKey: Guid(ec22b761629eec74ea0bb3bc4f2c34a2) Importer(815301076,1909f56bfc062723c751e8b465ee728b)
Start importing Assets/_Scenes/Games.unity using Guid(ec22b761629eec74ea0bb3bc4f2c34a2) Importer(815301076,1909f56bfc062723c751e8b465ee728b)  -> (artifact id: 'd973a593726a6e68d9989450893956f4') in 0.025805 seconds
  Import took 0.029948 seconds .

========================================================================
Received Import Request.
  Time since last request: 0.004335 seconds.
  path: Assets/_Scenes/Games.unity
  artifactKey: Guid(ec22b761629eec74ea0bb3bc4f2c34a2) Importer(815301076,1909f56bfc062723c751e8b465ee728b)
Start importing Assets/_Scenes/Games.unity using Guid(ec22b761629eec74ea0bb3bc4f2c34a2) Importer(815301076,1909f56bfc062723c751e8b465ee728b)  -> (artifact id: 'd973a593726a6e68d9989450893956f4') in 0.008724 seconds
  Import took 0.013212 seconds .

========================================================================
Received Import Request.
  Time since last request: 8.814718 seconds.
  path: Assets/Scenes/SampleScene.unity
  artifactKey: Guid(9fc0d4010bbf28b4594072e72b8655ab) Importer(815301076,1909f56bfc062723c751e8b465ee728b)
Start importing Assets/Scenes/SampleScene.unity using Guid(9fc0d4010bbf28b4594072e72b8655ab) Importer(815301076,1909f56bfc062723c751e8b465ee728b)  -> (artifact id: '6c0d96e498f3f425048f0860a2a49f78') in 0.006931 seconds
  Import took 0.011554 seconds .

========================================================================
Received Import Request.
  Time since last request: 5655.717678 seconds.
  path: Assets/_Scenes/wp3204926.jpg
  artifactKey: Guid(38acbafddb44c554aa880386c52f6484) Importer(815301076,1909f56bfc062723c751e8b465ee728b)
Start importing Assets/_Scenes/wp3204926.jpg using Guid(38acbafddb44c554aa880386c52f6484) Importer(815301076,1909f56bfc062723c751e8b465ee728b)  -> (artifact id: '8cbb99d910ee0460fd0230d16edc1bd2') in 0.287301 seconds
  Import took 0.319324 seconds .

========================================================================
Received Import Request.
  Time since last request: 164964.418675 seconds.
  path: Assets/_Scripts
  artifactKey: Guid(9586ab6fb7e8cb5409ff6bd3c7cad1b6) Importer(815301076,1909f56bfc062723c751e8b465ee728b)
Start importing Assets/_Scripts using Guid(9586ab6fb7e8cb5409ff6bd3c7cad1b6) Importer(815301076,1909f56bfc062723c751e8b465ee728b)  -> (artifact id: '20df2ac92e31a22e13d3b1eb5478b5fa') in 0.035348 seconds
  Import took 0.263060 seconds .

========================================================================
Received Import Request.
  Time since last request: 6.978784 seconds.
  path: Assets/_Models
  artifactKey: Guid(4a2383e8352a73849ad52d25c9648e86) Importer(815301076,1909f56bfc062723c751e8b465ee728b)
Start importing Assets/_Models using Guid(4a2383e8352a73849ad52d25c9648e86) Importer(815301076,1909f56bfc062723c751e8b465ee728b)  -> (artifact id: '6d4c426716fa2628d24ae0f5af0d1a0b') in 0.010320 seconds
  Import took 0.014592 seconds .

========================================================================
Received Import Request.
  Time since last request: 20.367736 seconds.
  path: Assets/_Models/Player.fbx
  artifactKey: Guid(37ace5d577304cf41ad26fe3e3f0d431) Importer(815301076,1909f56bfc062723c751e8b465ee728b)
Start importing Assets/_Models/Player.fbx using Guid(37ace5d577304cf41ad26fe3e3f0d431) Importer(815301076,1909f56bfc062723c751e8b465ee728b)  -> (artifact id: '6059ab0f86fffbd0e7284806b35a5a5e') in 0.692322 seconds
  Import took 0.695867 seconds .

========================================================================
Received Import Request.
  Time since last request: 4.344752 seconds.
  path: Assets/_Models/Enemy.fbx
  artifactKey: Guid(22b5404a925a91844912fe3b6361e885) Importer(815301076,1909f56bfc062723c751e8b465ee728b)
Start importing Assets/_Models/Enemy.fbx using Guid(22b5404a925a91844912fe3b6361e885) Importer(815301076,1909f56bfc062723c751e8b465ee728b)  -> (artifact id: 'af318d1c1c3fc83dbdb8bc92544e726b') in 0.058681 seconds
  Import took 0.062727 seconds .

========================================================================
Received Import Request.
  Time since last request: 0.000840 seconds.
  path: Assets/_Models/Enemy.fbx
  artifactKey: Guid(22b5404a925a91844912fe3b6361e885) Importer(815301076,1909f56bfc062723c751e8b465ee728b)
Start importing Assets/_Models/Enemy.fbx using Guid(22b5404a925a91844912fe3b6361e885) Importer(815301076,1909f56bfc062723c751e8b465ee728b)  -> (artifact id: 'af318d1c1c3fc83dbdb8bc92544e726b') in 0.036716 seconds
  Import took 0.040212 seconds .

========================================================================
Received Import Request.
  Time since last request: 1183.407193 seconds.
  path: Assets/Materials/wp3204926.mat
  artifactKey: Guid(f04769d40f5e47b4d8db46756baefc7f) Importer(815301076,1909f56bfc062723c751e8b465ee728b)
Start importing Assets/Materials/wp3204926.mat using Guid(f04769d40f5e47b4d8db46756baefc7f) Importer(815301076,1909f56bfc062723c751e8b465ee728b)  -> (artifact id: '534e52045ae06841cfbe3ebfb3b15f81') in 0.039212 seconds
  Import took 0.042267 seconds .

========================================================================
Received Import Request.
  Time since last request: 0.678897 seconds.
  path: Assets/Materials
  artifactKey: Guid(c02955dbce3422048b53f450a4cbd4e0) Importer(815301076,1909f56bfc062723c751e8b465ee728b)
Start importing Assets/Materials using Guid(c02955dbce3422048b53f450a4cbd4e0) Importer(815301076,1909f56bfc062723c751e8b465ee728b)  -> (artifact id: '8d49fa85894fe5afee5eb65fa75c4d37') in 0.010359 seconds
  Import took 0.012550 seconds .

========================================================================
Received Import Request.
  Time since last request: 7.990397 seconds.
  path: Assets/Materials/New Material.mat
  artifactKey: Guid(5d4c53142b649594ca3554d2eea5b00d) Importer(815301076,1909f56bfc062723c751e8b465ee728b)
Start importing Assets/Materials/New Material.mat using Guid(5d4c53142b649594ca3554d2eea5b00d) Importer(815301076,1909f56bfc062723c751e8b465ee728b)  -> (artifact id: 'adc3e3b9823b1c969a9ba791240cabdc') in 0.025897 seconds
  Import took 0.028728 seconds .

AssetImportWorkerClient::OnTransportError - code=2 error=End of file
